Run Information
========================
cognizant.intelligent.test.scripter.engine : ${project.version}
java.runtime.name    : Java(TM) SE Runtime Environment
java.version         : 1.8.0_172
java.home            : C:\Program Files\Java\jdk1.8.0_172\jre
os.name              : Windows 7
os.arch              : amd64
os.version           : 6.1
file.encoding        : UTF-8
========================
Run Started on Tue Aug 13 12:57:38 IST 2019
Loading Browser Profile
Loading RunManager
[Scenario:US3141 - JH Investments Home Page Options] [TestCase: Validate JH Invetsments Home Page Options] [Description: Validate JH Invetsments Home Page Options] [Browser: Chrome] [BrowserVersion: Default] [Platform: ANY][ExistingBrowser: false]
----------------------------------------------------------
[1] TestCase selected for execution from [//Release1/TestSet]
----------------------------------------------------------
Initializing Report
[main] INFO com.cognizant.cognizantits.engine.core.TMIntegration - TM integration disabled for the testset
ApiLink not available!!
Shutting Down Thread as there is no need for SelectiveThreading
Running Iteration 1
Launching Chrome
Launching Local Driver
Starting ChromeDriver 2.41.578737 (49da6702b16031c40d63e5618de03a32ff6c197e) on port 28579
Only local connections are allowed.
[1565681265.559][WARNING]: Timed out connecting to Chrome, retrying...
2019-08-13 12:57:53:08S +0530 [INFO] org.openqa.selenium.remote.ProtocolHandshake createSession:Detected dialect: OSS
Chrome Launched
Step:1   | Object: Browser | Action: Open | Input: @https://www.jhinvestments.com/ | Conditon:  | @13-Aug-2019 12:57:53.053
[DONE]   | Opened Url: https://www.jhinvestments.com/

===================================================================================================

Step:1   | Object: JHLogo | Action: assertElementDisplayed | Input:  | Conditon:  | @13-Aug-2019 12:58:01.001
2019-08-13 12:58:12:08S +0530 [OFF ] com.cognizant.cognizantits.engine.drivers.AutomationObject getElements:null
org.openqa.selenium.TimeoutException: Expected condition failed: waiting for com.cognizant.cognizantits.engine.drivers.AutomationObject$$Lambda$124/15358532@69197adb (tried for 10 second(s) with 500 MILLISECONDS interval)
Build info: version: '3.5.3', revision: 'a88d25fe6b', time: '2017-08-29T12:42:44.417Z'
System info: host: 'LT065750', ip: '10.227.192.154', os.name: 'Windows 7', os.arch: 'amd64', os.version: '6.1', java.version: '1.8.0_172'
Driver info: org.openqa.selenium.chrome.ChromeDriver
Capabilities [{mobileEmulationEnabled=false, hasTouchScreen=false, platform=XP, acceptSslCerts=false, goog:chromeOptions={debuggerAddress=localhost:63499}, acceptInsecureCerts=false, webStorageEnabled=true, browserName=chrome, takesScreenshot=true, javascriptEnabled=true, platformName=XP, setWindowRect=true, unexpectedAlertBehaviour=, applicationCacheEnabled=false, rotatable=false, networkConnectionEnabled=false, chrome={chromedriverVersion=2.41.578737 (49da6702b16031c40d63e5618de03a32ff6c197e), userDataDir=C:\Users\579572\AppData\Local\Temp\scoped_dir18632_17460}, takesHeapSnapshot=true, unhandledPromptBehavior=, pageLoadStrategy=normal, databaseEnabled=false, handlesAlerts=true, version=72.0.3626.121, browserConnectionEnabled=false, nativeEvents=true, locationContextEnabled=true, cssSelectorsEnabled=true}]
Session ID: 12d4b289335b14f07d7960ac3df18bc0
	at org.openqa.selenium.support.ui.WebDriverWait.timeoutException(WebDriverWait.java:80)
	at org.openqa.selenium.support.ui.FluentWait.until(FluentWait.java:232)
	at com.cognizant.cognizantits.engine.drivers.AutomationObject.getElements(AutomationObject.java:303)
	at com.cognizant.cognizantits.engine.drivers.AutomationObject.getWElements(AutomationObject.java:255)
	at com.cognizant.cognizantits.engine.drivers.AutomationObject.findElements(AutomationObject.java:242)
	at com.cognizant.cognizantits.engine.drivers.AutomationObject.findElement(AutomationObject.java:118)
	at com.cognizant.cognizantits.engine.drivers.AutomationObject.findElement(AutomationObject.java:111)
	at com.cognizant.cognizantits.engine.core.CommandControl.sync(CommandControl.java:93)
	at com.cognizant.cognizantits.engine.core.CommandControl.sync(CommandControl.java:170)
	at com.cognizant.cognizantits.engine.execution.run.TestStepRunner.executeStep(TestStepRunner.java:160)
	at com.cognizant.cognizantits.engine.execution.run.TestStepRunner.executeStep(TestStepRunner.java:147)
	at com.cognizant.cognizantits.engine.execution.run.TestStepRunner.run(TestStepRunner.java:66)
	at com.cognizant.cognizantits.engine.execution.run.TestCaseRunner.runStep(TestCaseRunner.java:395)
	at com.cognizant.cognizantits.engine.execution.run.TestCaseRunner.run(TestCaseRunner.java:346)
	at com.cognizant.cognizantits.engine.execution.run.TestCaseRunner.run(TestCaseRunner.java:387)
	at com.cognizant.cognizantits.engine.execution.run.TestStepRunner.executeTestCase(TestStepRunner.java:137)
	at com.cognizant.cognizantits.engine.execution.run.TestStepRunner.execute(TestStepRunner.java:118)
	at com.cognizant.cognizantits.engine.execution.run.TestStepRunner.run(TestStepRunner.java:63)
	at com.cognizant.cognizantits.engine.execution.run.TestCaseRunner.runStep(TestCaseRunner.java:395)
	at com.cognizant.cognizantits.engine.execution.run.TestCaseRunner.run(TestCaseRunner.java:346)
	at com.cognizant.cognizantits.engine.core.Task.runIteration(Task.java:123)
	at com.cognizant.cognizantits.engine.core.Task.run(Task.java:81)
	at java.util.concurrent.ThreadPoolExecutor.runWorker(ThreadPoolExecutor.java:1149)
	at java.util.concurrent.ThreadPoolExecutor$Worker.run(ThreadPoolExecutor.java:624)
	at java.lang.Thread.run(Thread.java:748)

Couldn't find Object 'JHLogo' in stipulated Time '10' Seconds
[FAIL]   | Seems Like the Element [JHLogo] is Not Present/Found in the page Try Adding wait or heal it

===================================================================================================

2019-08-13 12:58:20:08S +0530 [SEVERE] com.cognizant.cognizantits.engine.execution.run.TestCaseRunner onRuntimeException:Seems Like the Element [JHLogo] is Not Present/Found in the page Try Adding wait or heal it
com.cognizant.cognizantits.engine.execution.exception.element.ElementException: Seems Like the Element [JHLogo] is Not Present/Found in the page Try Adding wait or heal it
	at com.cognizant.cognizantits.engine.commands.General.elementDisplayed(General.java:57)
	at com.cognizant.cognizantits.engine.commands.AssertElement.assertElementDisplayed(AssertElement.java:69)
	at com.cognizant.cognizantits.engine.support.reflect.MethodExecutor.executeMethod(MethodExecutor.java:39)
	at com.cognizant.cognizantits.engine.execution.run.TestStepRunner.executeAction(TestStepRunner.java:165)
	at com.cognizant.cognizantits.engine.execution.run.TestStepRunner.executeStep(TestStepRunner.java:161)
	at com.cognizant.cognizantits.engine.execution.run.TestStepRunner.executeStep(TestStepRunner.java:147)
	at com.cognizant.cognizantits.engine.execution.run.TestStepRunner.run(TestStepRunner.java:66)
	at com.cognizant.cognizantits.engine.execution.run.TestCaseRunner.runStep(TestCaseRunner.java:395)
	at com.cognizant.cognizantits.engine.execution.run.TestCaseRunner.run(TestCaseRunner.java:346)
	at com.cognizant.cognizantits.engine.execution.run.TestCaseRunner.run(TestCaseRunner.java:387)
	at com.cognizant.cognizantits.engine.execution.run.TestStepRunner.executeTestCase(TestStepRunner.java:137)
	at com.cognizant.cognizantits.engine.execution.run.TestStepRunner.execute(TestStepRunner.java:118)
	at com.cognizant.cognizantits.engine.execution.run.TestStepRunner.run(TestStepRunner.java:63)
	at com.cognizant.cognizantits.engine.execution.run.TestCaseRunner.runStep(TestCaseRunner.java:395)
	at com.cognizant.cognizantits.engine.execution.run.TestCaseRunner.run(TestCaseRunner.java:346)
	at com.cognizant.cognizantits.engine.core.Task.runIteration(Task.java:123)
	at com.cognizant.cognizantits.engine.core.Task.run(Task.java:81)
	at java.util.concurrent.ThreadPoolExecutor.runWorker(ThreadPoolExecutor.java:1149)
	at java.util.concurrent.ThreadPoolExecutor$Worker.run(ThreadPoolExecutor.java:624)
	at java.lang.Thread.run(Thread.java:748)

Step:1   | Object: linkDashboard | Action: assertElementDisplayed | Input:  | Conditon:  | @13-Aug-2019 12:58:20.020
Using @xpath [//div[text()='Dashboard']], Object 'linkDashboard' Found in 20 ms
[PASS]   | Element [linkDashboard] is Displayed

===================================================================================================

Step:1   | Object:  | Action:  | Input:  | Conditon:  | @13-Aug-2019 12:58:27.027
[ERROR][Could not find Action:]
[DEBUG]   | [Could not find Action]

===================================================================================================

Step:1   | Object:  | Action:  | Input:  | Conditon:  | @13-Aug-2019 12:58:27.027
[ERROR][Could not find Action:]
[DEBUG]   | [Could not find Action]

===================================================================================================

Step:1   | Object:  | Action:  | Input:  | Conditon:  | @13-Aug-2019 12:58:27.027
[ERROR][Could not find Action:]
[DEBUG]   | [Could not find Action]

===================================================================================================

Step:1   | Object:  | Action:  | Input:  | Conditon:  | @13-Aug-2019 12:58:27.027
[ERROR][Could not find Action:]
[DEBUG]   | [Could not find Action]

===================================================================================================

Step:1   | Object:  | Action:  | Input:  | Conditon:  | @13-Aug-2019 12:58:27.027
[ERROR][Could not find Action:]
[DEBUG]   | [Could not find Action]

===================================================================================================


---------------------------------------------------
Testcase Name        : US3141 - JH Investments Home Page Options:Validate JH Invetsments Home Page Options
Executed Steps       : 8
Passed Steps         : 2
Failed Steps         : 6
Time Taken           : 00:00:51
-----------------------------------------------------

Run Finished on Tue Aug 13 12:58:30 IST 2019
-----------------------------------------------------
ExecutionDate        : 13-Aug-2019 12-57-38
Executed TestCases   : 1
Passed TestCases     : 0
Failed TestCases     : 1
Time Taken           : 00:00:51
ReportPath           : file:///Projects\JHInvestmentsNew\Results\TestExecution\Release1\TestSet\13-Aug-2019 12-57-38\summary.html
-----------------------------------------------------
[main] INFO com.cognizant.cognizantits.engine.support.DesktopApi - Trying to Open - D:\cognizant-intelligent-test-scripter-1.1\Projects\JHInvestmentsNew\Results\TestExecution\Release1\TestSet\13-Aug-2019 12-57-38\summary.html
[main] INFO com.cognizant.cognizantits.engine.support.DesktopApi - Trying to exec: [explorer] [%s] [D:\cognizant-intelligent-test-scripter-1.1\Projects\JHInvestmentsNew\Results\TestExecution\Release1\TestSet\13-Aug-2019 12-57-38\summary.html]
